########## Début crack80 : 09/01/01 17:45:34
########## Fin crack80 : 09/01/01 17:45:44
########## Début crack80 : 10/01/01 08:45:04
########## Fin crack80 : 10/01/01 08:45:25
########## Début crack80 : 10/01/01 08:46:08
########## Fin crack80 : 10/01/01 08:46:22
########## Début crack80 : 10/01/01 08:48:19
########## Fin crack80 : 10/01/01 08:48:31
########## Début crack80 : 10/01/01 08:51:47
########## Début crack80 : 10/01/01 08:53:03
########## Fin crack80 : 10/01/01 08:54:42
########## Début crack80 : 10/01/01 08:55:39
########## Fin crack80 : 10/01/01 08:56:07
########## Début crack80 : 10/01/01 08:57:26
########## Début crack80 : 10/01/01 08:59:18
########## Fin crack80 : 10/01/01 09:03:45
########## Début crack80 : 10/01/01 09:06:35
########## Début crack80 : 10/01/01 09:49:45
########## Début crack80 : 10/01/01 09:53:11
########## Début crack80 : 10/01/01 09:56:34
########## Fin crack80 : 10/01/01 09:56:52
########## Début crack80 : 10/01/01 09:57:40
########## Fin crack80 : 10/01/01 09:57:47
########## Début crack80 : 10/01/01 09:57:49
########## Début crack80 : 10/01/01 10:55:38
########## Début crack80 : 10/01/01 11:00:12
########## Début crack80 : 10/01/01 11:03:17
########## Début crack80 : 10/01/01 11:07:16
########## Début crack80 : 10/01/01 11:07:39
########## Début crack80 : 10/01/01 11:10:25
########## Début crack80 : 10/01/01 11:10:47
########## Début crack80 : 10/01/01 11:11:03
########## Fin crack80 : 10/01/01 11:11:04
########## Début crack80 : 10/01/01 11:13:57
########## Fin crack80 : 10/01/01 11:14:10
########## Début crack80 : 10/01/01 11:15:45
########## Fin crack80 : 10/01/01 11:16:07
########## Début crack80 : 10/01/01 11:16:32
########## Début crack80 : 10/01/01 11:18:59
########## Fin crack80 : 10/01/01 11:19:21
########## Début crack80 : 10/01/01 11:20:11
########## Fin crack80 : 10/01/01 11:20:19
########## Début crack80 : 10/01/01 11:20:35
########## Fin crack80 : 10/01/01 11:20:46
########## Début crack80 : 10/01/01 11:21:13
########## Début crack80 : 10/01/01 11:21:31
########## Début crack80 : 10/01/01 12:06:20
########## Fin crack80 : 10/01/01 12:06:31
########## Début crack80 : 10/01/01 14:21:37
########## Fin crack80 : 10/01/01 14:21:43
########## Début crack80 : 10/01/01 14:21:56
########## Fin crack80 : 10/01/01 14:22:04
########## Début crack80 : 10/01/01 14:22:05
########## Fin crack80 : 10/01/01 14:22:12
########## Début crack80 : 10/01/01 14:22:28
########## Début crack80 : 10/01/01 14:24:17
########## Fin crack80 : 10/01/01 14:25:12
########## Début crack80 : 10/01/01 14:25:19
########## Début crack80 : 10/01/01 14:26:26
########## Fin crack80 : 10/01/01 14:26:37
########## Début crack80 : 10/01/01 14:30:24
########## Début crack80 : 10/01/01 14:31:09
########## Début crack80 : 10/01/01 14:31:27
########## Début crack80 : 10/01/01 14:31:49
########## Début crack80 : 10/01/01 14:32:59
########## Début crack80 : 10/01/01 14:33:16
########## Début crack80 : 10/01/01 14:33:55
########## Fin crack80 : 10/01/01 14:34:10
########## Début crack80 : 10/01/01 14:34:45
########## Fin crack80 : 10/01/01 14:34:57
########## Début crack80 : 10/01/01 14:37:43
########## Fin crack80 : 10/01/01 14:37:48
########## Début crack80 : 10/01/01 14:41:35
########## Fin crack80 : 10/01/01 14:41:42
########## Début crack80 : 10/01/01 14:41:57
########## Fin crack80 : 10/01/01 14:43:14
########## Début crack80 : 10/01/01 14:44:23
########## Fin crack80 : 10/01/01 14:44:48
########## Début crack80 : 10/01/01 14:47:40
########## Fin crack80 : 10/01/01 14:47:45
########## Début crack80 : 10/01/01 15:06:21
########## Début crack80 : 10/01/01 15:22:55
########## Début crack80 : 10/01/01 15:26:13
########## Début crack80 : 10/01/01 15:29:28
########## Début crack80 : 10/01/01 15:31:00
########## Début crack80 : 10/01/01 15:33:34
########## Début crack80 : 10/01/01 15:34:25
########## Début crack80 : 10/01/01 15:34:38
########## Début crack80 : 10/01/01 15:34:59
########## Début crack80 : 10/01/01 15:35:23
########## Début crack80 : 10/01/01 15:38:27
########## Début crack80 : 10/01/01 15:41:37
########## Début crack80 : 10/01/01 15:46:29
########## Début crack80 : 12/01/01 10:55:50
########## Fin crack80 : 12/01/01 10:57:12
########## Début crack80 : 12/01/01 11:01:00
########## Début crack80 : 12/01/01 11:08:14
########## Début crack80 : 12/01/01 11:08:54
########## Début crack80 : 12/01/01 11:18:22
########## Début crack80 : 12/01/01 11:36:18
########## Début crack80 : 12/01/01 11:57:18
########## Fin crack80 : 12/01/01 11:57:40
########## Début crack80 : 12/01/01 11:57:54
########## Début crack80 : 12/01/01 11:57:57
########## Fin crack80 : 12/01/01 11:59:37
########## Début crack80 : 12/01/01 12:07:06
########## Fin crack80 : 12/01/01 12:07:34
########## Début crack80 : 15/01/01 08:28:00
########## Fin crack80 : 15/01/01 08:36:53
########## Début crack80 : 15/01/01 10:45:53
########## Fin crack80 : 15/01/01 10:46:05
########## Début crack80 : 15/01/01 14:06:43
########## Fin crack80 : 15/01/01 14:07:02
########## Début crack80 : 15/01/01 14:24:48
########## Début crack80 : 15/01/01 14:43:33
########## Début crack80 : 15/01/01 14:46:25
########## Fin crack80 : 15/01/01 14:46:40
########## Début crack80 : 15/01/01 15:25:48
########## Fin crack80 : 15/01/01 15:26:15
########## Début crack80 : 15/01/01 15:26:43
########## Début crack80 : 15/01/01 15:37:45
########## Début crack80 : 15/01/01 17:21:24
########## Fin crack80 : 15/01/01 17:22:21
########## Début crack80 : 15/01/01 17:24:50
########## Fin crack80 : 15/01/01 17:24:53
########## Début crack80 : 16/01/01 11:50:55
########## Fin crack80 : 16/01/01 11:51:30
########## Début crack80 : 16/01/01 14:00:51
########## Début crack80 : 16/01/01 15:46:15
########## Début crack80 : 16/01/01 15:46:46
########## Début crack80 : 16/01/01 15:47:05
########## Début crack80 : 16/01/01 15:48:57
########## Début crack80 : 16/01/01 15:51:42
########## Fin crack80 : 16/01/01 15:52:02
########## Début crack80 : 16/01/01 15:52:12
########## Fin crack80 : 16/01/01 15:53:06
########## Début crack80 : 16/01/01 16:53:15
########## Fin crack80 : 16/01/01 16:54:34
########## Début crack80 : 16/01/01 16:55:00
########## Fin crack80 : 16/01/01 16:55:20
########## Début crack80 : 16/01/01 16:55:46
########## Fin crack80 : 16/01/01 16:55:59
########## Début crack80 : 16/01/01 16:56:14
########## Fin crack80 : 16/01/01 16:56:38
########## Début crack80 : 16/01/01 16:57:19
########## Fin crack80 : 16/01/01 16:57:30
########## Début crack80 : 16/01/01 16:59:10
########## Début crack80 : 16/01/01 16:59:32
########## Début crack80 : 16/01/01 16:59:59
########## Fin crack80 : 16/01/01 17:00:09
########## Début crack80 : 18/11/02 14:41:04
########## Début crack80 : 08-05-2005 16:06:04
Fin IRC : 08-05-2005 16:09:10
########## Fin crack80 : 08-05-2005 16:09:20
