Line 39: Class CCRProgressBar.ccrpProgressBar of control ccrpProgressBar1 was not a loaded control class.
Line 44: The property name _ExtentX in ccrpProgressBar1 is invalid.
Line 45: The property name _ExtentY in ccrpProgressBar1 is invalid.
Line 46: The property name AutoCaption in ccrpProgressBar1 is invalid.
Line 47: The property name Caption in ccrpProgressBar1 is invalid.
Line 57: The property name IncrementSize in ccrpProgressBar1 is invalid.
Line 59: The property name Smooth in ccrpProgressBar1 is invalid.
Line 60: The property name Style in ccrpProgressBar1 is invalid.
Line 39: Property Picture in ccrpProgressBar1 could not be set.
Line 44: The property name _ExtentX in ccrpProgressBar1 is invalid.
Line 45: The property name _ExtentY in ccrpProgressBar1 is invalid.
Line 46: The property name AutoCaption in ccrpProgressBar1 is invalid.
Line 47: The property name Caption in ccrpProgressBar1 is invalid.
Line 57: The property name IncrementSize in ccrpProgressBar1 is invalid.
Line 59: The property name Smooth in ccrpProgressBar1 is invalid.
Line 60: The property name Style in ccrpProgressBar1 is invalid.
Line 39: Property Picture in ccrpProgressBar1 could not be set.
Line 44: The property name _ExtentX in ccrpProgressBar1 is invalid.
Line 45: The property name _ExtentY in ccrpProgressBar1 is invalid.
Line 46: The property name AutoCaption in ccrpProgressBar1 is invalid.
Line 47: The property name Caption in ccrpProgressBar1 is invalid.
Line 57: The property name IncrementSize in ccrpProgressBar1 is invalid.
Line 59: The property name Smooth in ccrpProgressBar1 is invalid.
Line 60: The property name Style in ccrpProgressBar1 is invalid.
Line 39: Property Picture in ccrpProgressBar1 could not be set.
